[2023-10-30 19:05:26] - pysep - DEBUG: running PySEP version 0.4.1
[2023-10-30 19:05:26] - pysep - INFO: overwriting default parameters with config file: '/Users/felix/opt/anaconda3/envs/pysep_latest/lib/python3.12/site-packages/pysep/configs/mtuq_workshop_2022/2014-08-25T161903_ICELAND.yaml'
[2023-10-30 19:05:26] - pysep - DEBUG: event_tag: None -> 2014-08-25T161903_ICELAND
[2023-10-30 19:05:26] - pysep - DEBUG: config_file: /Users/felix/opt/anaconda3/envs/pysep_latest/lib/python3.12/site-packages/pysep/configs/mtuq_workshop_2022/2014-08-25T161903_ICELAND.yaml -> None
[2023-10-30 19:05:26] - pysep - DEBUG: origin_time: None -> 2014-08-25T16:19:03.000000Z
[2023-10-30 19:05:26] - pysep - DEBUG: event_latitude: None -> 64.612
[2023-10-30 19:05:26] - pysep - DEBUG: event_longitude: None -> -17.472
[2023-10-30 19:05:26] - pysep - DEBUG: event_depth_km: None -> 50.0
[2023-10-30 19:05:26] - pysep - DEBUG: event_magnitude: None -> 4.6
[2023-10-30 19:05:26] - pysep - DEBUG: networks: * -> Z7
[2023-10-30 19:05:26] - pysep - DEBUG: stations: * -> RODG,DYSA,LIND,LOKT,LAUF,KALF,HELI,FAG,SVIN,K250
[2023-10-30 19:05:26] - pysep - DEBUG: channels: * -> HH?
[2023-10-30 19:05:26] - pysep - DEBUG: reference_time: None -> 2014-08-25T16:19:03.000000Z
[2023-10-30 19:05:26] - pysep - DEBUG: seconds_before_ref: 100 -> 60
[2023-10-30 19:05:26] - pysep - DEBUG: seconds_after_ref: 300 -> 360
[2023-10-30 19:05:26] - pysep - DEBUG: mindistance_km: 0 -> 20.0
[2023-10-30 19:05:26] - pysep - DEBUG: maxdistance_km: 20000.0 -> 300.0
[2023-10-30 19:05:26] - pysep - DEBUG: rotate: None -> ['ENZ', 'RTZ']
[2023-10-30 19:05:26] - pysep - DEBUG: resample_freq: None -> 50
[2023-10-30 19:05:26] - pysep - DEBUG: remove_clipped: True -> False
[2023-10-30 19:05:26] - pysep - DEBUG: `log_level` set to DEBUG
[2023-10-30 19:05:27] - pysep - INFO: creating event metadata with user parameters
[2023-10-30 19:05:27] - pysep - INFO: event info summary - origin time: 2014-08-25T16:19:03.000000Z; lat=64.61; lon=-17.47; depth[km]=50.0; magnitude=4.6
[2023-10-30 19:05:27] - pysep - INFO: full output directory is: /Users/felix/Documents/POSTDOC/INVESTIGACION/PYSEP_PROCESSING/2014-08-25T161903_ICELAND
[2023-10-30 19:05:27] - pysep - INFO: writing config YAML file
[2023-10-30 19:05:27] - pysep - DEBUG: /Users/felix/Documents/POSTDOC/INVESTIGACION/PYSEP_PROCESSING/2014-08-25T161903_ICELAND/pysep_config.yaml
[2023-10-30 19:05:27] - pysep - INFO: writing event as QuakeML
[2023-10-30 19:05:27] - pysep - DEBUG: /Users/felix/Documents/POSTDOC/INVESTIGACION/PYSEP_PROCESSING/2014-08-25T161903_ICELAND/event.xml
[2023-10-30 19:05:27] - pysep - INFO: querying IRIS for station metadata
[2023-10-30 19:05:28] - pysep - INFO: collected 30 channels from 10 stations in 1 networks from IRIS
[2023-10-30 19:05:28] - pysep - INFO: 0 traces outside distance bounds [20.0, 300.0]km
[2023-10-30 19:05:28] - pysep - INFO: 0 traces outside azimuth bounds [0, 360]deg
[2023-10-30 19:05:28] - pysep - INFO: writing inventory as StationXML
[2023-10-30 19:05:28] - pysep - DEBUG: /Users/felix/Documents/POSTDOC/INVESTIGACION/PYSEP_PROCESSING/2014-08-25T161903_ICELAND/inv.xml
[2023-10-30 19:05:28] - pysep - INFO: querying client 'IRIS' for waveforms
[2023-10-30 19:05:28] - pysep - INFO: querying 10 lines in bulk client request...
[2023-10-30 19:05:31] - pysep - INFO: 30 waveforms returned after query
[2023-10-30 19:05:31] - pysep - INFO: writing stations file
[2023-10-30 19:05:31] - pysep - DEBUG: /Users/felix/Documents/POSTDOC/INVESTIGACION/PYSEP_PROCESSING/2014-08-25T161903_ICELAND/station_file.txt
[2023-10-30 19:05:31] - pysep - INFO: writing inventory as StationXML
[2023-10-30 19:05:31] - pysep - DEBUG: /Users/felix/Documents/POSTDOC/INVESTIGACION/PYSEP_PROCESSING/2014-08-25T161903_ICELAND/inv.xml
[2023-10-30 19:05:31] - pysep - INFO: cleaning up channel naming
[2023-10-30 19:05:31] - pysep - DEBUG: using SAC headers to fetch phase arrivals '['ttall']'from model 'ak135'
[2023-10-30 19:05:34] - pysep - INFO: applying linear detrend to all data
[2023-10-30 19:05:34] - pysep - INFO: removing response, output units in: VEL
[2023-10-30 19:05:34] - pysep - INFO: will apply pre-filter: default
[2023-10-30 19:05:41] - pysep - INFO: applying amplitude scale factor: 1
[2023-10-30 19:05:41] - pysep - INFO: resampling data to sampling rate: 50Hz with method 'interpolate'
[2023-10-30 19:05:41] - pysep - DEBUG: Z7.DYSA..HHE applying lowpass filter to prep for new nyquist freq: 50.0 -> 25.0
[2023-10-30 19:05:41] - pysep - DEBUG: Z7.DYSA..HHN applying lowpass filter to prep for new nyquist freq: 50.0 -> 25.0
[2023-10-30 19:05:41] - pysep - DEBUG: Z7.DYSA..HHZ applying lowpass filter to prep for new nyquist freq: 50.0 -> 25.0
[2023-10-30 19:05:41] - pysep - DEBUG: Z7.FAG..HHE applying lowpass filter to prep for new nyquist freq: 50.0 -> 25.0
[2023-10-30 19:05:41] - pysep - DEBUG: Z7.FAG..HHN applying lowpass filter to prep for new nyquist freq: 50.0 -> 25.0
[2023-10-30 19:05:41] - pysep - DEBUG: Z7.FAG..HHZ applying lowpass filter to prep for new nyquist freq: 50.0 -> 25.0
[2023-10-30 19:05:41] - pysep - DEBUG: Z7.HELI..HHE applying lowpass filter to prep for new nyquist freq: 50.0 -> 25.0
[2023-10-30 19:05:41] - pysep - DEBUG: Z7.HELI..HHN applying lowpass filter to prep for new nyquist freq: 50.0 -> 25.0
[2023-10-30 19:05:41] - pysep - DEBUG: Z7.HELI..HHZ applying lowpass filter to prep for new nyquist freq: 50.0 -> 25.0
[2023-10-30 19:05:41] - pysep - DEBUG: Z7.K250..HHE applying lowpass filter to prep for new nyquist freq: 50.0 -> 25.0
[2023-10-30 19:05:41] - pysep - DEBUG: Z7.K250..HHN applying lowpass filter to prep for new nyquist freq: 50.0 -> 25.0
[2023-10-30 19:05:41] - pysep - DEBUG: Z7.K250..HHZ applying lowpass filter to prep for new nyquist freq: 50.0 -> 25.0
[2023-10-30 19:05:41] - pysep - DEBUG: Z7.KALF..HHE applying lowpass filter to prep for new nyquist freq: 50.0 -> 25.0
[2023-10-30 19:05:41] - pysep - DEBUG: Z7.KALF..HHN applying lowpass filter to prep for new nyquist freq: 50.0 -> 25.0
[2023-10-30 19:05:41] - pysep - DEBUG: Z7.KALF..HHZ applying lowpass filter to prep for new nyquist freq: 50.0 -> 25.0
[2023-10-30 19:05:41] - pysep - DEBUG: Z7.LAUF..HHE applying lowpass filter to prep for new nyquist freq: 50.0 -> 25.0
[2023-10-30 19:05:41] - pysep - DEBUG: Z7.LAUF..HHN applying lowpass filter to prep for new nyquist freq: 50.0 -> 25.0
[2023-10-30 19:05:41] - pysep - DEBUG: Z7.LAUF..HHZ applying lowpass filter to prep for new nyquist freq: 50.0 -> 25.0
[2023-10-30 19:05:41] - pysep - DEBUG: Z7.LIND..HHE applying lowpass filter to prep for new nyquist freq: 50.0 -> 25.0
[2023-10-30 19:05:41] - pysep - DEBUG: Z7.LIND..HHN applying lowpass filter to prep for new nyquist freq: 50.0 -> 25.0
[2023-10-30 19:05:42] - pysep - DEBUG: Z7.LIND..HHZ applying lowpass filter to prep for new nyquist freq: 50.0 -> 25.0
[2023-10-30 19:05:42] - pysep - DEBUG: Z7.LOKT..HHE applying lowpass filter to prep for new nyquist freq: 50.0 -> 25.0
[2023-10-30 19:05:42] - pysep - DEBUG: Z7.LOKT..HHN applying lowpass filter to prep for new nyquist freq: 50.0 -> 25.0
[2023-10-30 19:05:42] - pysep - DEBUG: Z7.LOKT..HHZ applying lowpass filter to prep for new nyquist freq: 50.0 -> 25.0
[2023-10-30 19:05:42] - pysep - DEBUG: Z7.RODG..HHE applying lowpass filter to prep for new nyquist freq: 50.0 -> 25.0
[2023-10-30 19:05:42] - pysep - DEBUG: Z7.RODG..HHN applying lowpass filter to prep for new nyquist freq: 50.0 -> 25.0
[2023-10-30 19:05:42] - pysep - DEBUG: Z7.RODG..HHZ applying lowpass filter to prep for new nyquist freq: 50.0 -> 25.0
[2023-10-30 19:05:42] - pysep - DEBUG: Z7.SVIN..HHE applying lowpass filter to prep for new nyquist freq: 50.0 -> 25.0
[2023-10-30 19:05:42] - pysep - DEBUG: Z7.SVIN..HHN applying lowpass filter to prep for new nyquist freq: 50.0 -> 25.0
[2023-10-30 19:05:42] - pysep - DEBUG: Z7.SVIN..HHZ applying lowpass filter to prep for new nyquist freq: 50.0 -> 25.0
[2023-10-30 19:05:42] - pysep - INFO: trimming start and end times on a per-station basis
[2023-10-30 19:05:42] - pysep - INFO: formatting stream of length 30 for component rotation
[2023-10-30 19:05:42] - pysep - INFO: stream formatting returned 30 traces
[2023-10-30 19:05:42] - pysep - INFO: rotating to components ZNE
[2023-10-30 19:05:42] - pysep - DEBUG: Z7.KALF..HHE azimuth==90.0; dip==0.0
[2023-10-30 19:05:42] - pysep - DEBUG: Z7.KALF..HHN azimuth==0.0; dip==0.0
[2023-10-30 19:05:42] - pysep - DEBUG: Z7.KALF..HHZ azimuth==0.0; dip==-90.0
[2023-10-30 19:05:42] - pysep - DEBUG: Z7.LIND..HHE azimuth==90.0; dip==0.0
[2023-10-30 19:05:42] - pysep - DEBUG: Z7.LIND..HHN azimuth==0.0; dip==0.0
[2023-10-30 19:05:42] - pysep - DEBUG: Z7.LIND..HHZ azimuth==0.0; dip==-90.0
[2023-10-30 19:05:42] - pysep - DEBUG: Z7.FAG..HHE azimuth==90.0; dip==0.0
[2023-10-30 19:05:42] - pysep - DEBUG: Z7.FAG..HHN azimuth==0.0; dip==0.0
[2023-10-30 19:05:42] - pysep - DEBUG: Z7.FAG..HHZ azimuth==0.0; dip==-90.0
[2023-10-30 19:05:42] - pysep - DEBUG: Z7.SVIN..HHE azimuth==90.0; dip==0.0
[2023-10-30 19:05:42] - pysep - DEBUG: Z7.SVIN..HHN azimuth==0.0; dip==0.0
[2023-10-30 19:05:42] - pysep - DEBUG: Z7.SVIN..HHZ azimuth==0.0; dip==-90.0
[2023-10-30 19:05:42] - pysep - DEBUG: Z7.LAUF..HHE azimuth==90.0; dip==0.0
[2023-10-30 19:05:42] - pysep - DEBUG: Z7.LAUF..HHN azimuth==0.0; dip==0.0
[2023-10-30 19:05:42] - pysep - DEBUG: Z7.LAUF..HHZ azimuth==0.0; dip==-90.0
[2023-10-30 19:05:42] - pysep - DEBUG: Z7.DYSA..HHE azimuth==90.0; dip==0.0
[2023-10-30 19:05:42] - pysep - DEBUG: Z7.DYSA..HHN azimuth==0.0; dip==0.0
[2023-10-30 19:05:42] - pysep - DEBUG: Z7.DYSA..HHZ azimuth==0.0; dip==-90.0
[2023-10-30 19:05:42] - pysep - DEBUG: Z7.K250..HHE azimuth==90.0; dip==0.0
[2023-10-30 19:05:42] - pysep - DEBUG: Z7.K250..HHN azimuth==0.0; dip==0.0
[2023-10-30 19:05:42] - pysep - DEBUG: Z7.K250..HHZ azimuth==0.0; dip==-90.0
[2023-10-30 19:05:42] - pysep - DEBUG: Z7.HELI..HHE azimuth==90.0; dip==0.0
[2023-10-30 19:05:42] - pysep - DEBUG: Z7.HELI..HHN azimuth==0.0; dip==0.0
[2023-10-30 19:05:42] - pysep - DEBUG: Z7.HELI..HHZ azimuth==0.0; dip==-90.0
[2023-10-30 19:05:42] - pysep - DEBUG: Z7.RODG..HHE azimuth==90.0; dip==0.0
[2023-10-30 19:05:42] - pysep - DEBUG: Z7.RODG..HHN azimuth==0.0; dip==0.0
[2023-10-30 19:05:42] - pysep - DEBUG: Z7.RODG..HHZ azimuth==0.0; dip==-90.0
[2023-10-30 19:05:42] - pysep - DEBUG: Z7.LOKT..HHE azimuth==90.0; dip==0.0
[2023-10-30 19:05:42] - pysep - DEBUG: Z7.LOKT..HHN azimuth==0.0; dip==0.0
[2023-10-30 19:05:42] - pysep - DEBUG: Z7.LOKT..HHZ azimuth==0.0; dip==-90.0
[2023-10-30 19:05:42] - pysep - INFO: rotating to components RTZ
[2023-10-30 19:05:42] - pysep - DEBUG: assuming that the expected stream length is: 420.0s
[2023-10-30 19:05:42] - pysep - INFO: writing waveform stream in MiniSEED
[2023-10-30 19:05:42] - pysep - DEBUG: /Users/felix/Documents/POSTDOC/INVESTIGACION/PYSEP_PROCESSING/2014-08-25T161903_ICELAND/stream.ms
[2023-10-30 19:05:42] - pysep - INFO: writing all waveforms traces in SAC format
[2023-10-30 19:05:42] - pysep - DEBUG: 2014-08-25T161903_ICELAND.Z7.KALF..HHZ.sac
[2023-10-30 19:05:42] - pysep - DEBUG: 2014-08-25T161903_ICELAND.Z7.KALF..HHN.sac
[2023-10-30 19:05:42] - pysep - DEBUG: 2014-08-25T161903_ICELAND.Z7.KALF..HHE.sac
[2023-10-30 19:05:42] - pysep - DEBUG: 2014-08-25T161903_ICELAND.Z7.LIND..HHZ.sac
[2023-10-30 19:05:42] - pysep - DEBUG: 2014-08-25T161903_ICELAND.Z7.LIND..HHN.sac
[2023-10-30 19:05:42] - pysep - DEBUG: 2014-08-25T161903_ICELAND.Z7.LIND..HHE.sac
[2023-10-30 19:05:42] - pysep - DEBUG: 2014-08-25T161903_ICELAND.Z7.FAG..HHZ.sac
[2023-10-30 19:05:42] - pysep - DEBUG: 2014-08-25T161903_ICELAND.Z7.FAG..HHN.sac
[2023-10-30 19:05:42] - pysep - DEBUG: 2014-08-25T161903_ICELAND.Z7.FAG..HHE.sac
[2023-10-30 19:05:42] - pysep - DEBUG: 2014-08-25T161903_ICELAND.Z7.SVIN..HHZ.sac
[2023-10-30 19:05:42] - pysep - DEBUG: 2014-08-25T161903_ICELAND.Z7.SVIN..HHN.sac
[2023-10-30 19:05:42] - pysep - DEBUG: 2014-08-25T161903_ICELAND.Z7.SVIN..HHE.sac
[2023-10-30 19:05:42] - pysep - DEBUG: 2014-08-25T161903_ICELAND.Z7.LAUF..HHZ.sac
[2023-10-30 19:05:42] - pysep - DEBUG: 2014-08-25T161903_ICELAND.Z7.LAUF..HHN.sac
[2023-10-30 19:05:42] - pysep - DEBUG: 2014-08-25T161903_ICELAND.Z7.LAUF..HHE.sac
[2023-10-30 19:05:42] - pysep - DEBUG: 2014-08-25T161903_ICELAND.Z7.DYSA..HHZ.sac
[2023-10-30 19:05:42] - pysep - DEBUG: 2014-08-25T161903_ICELAND.Z7.DYSA..HHN.sac
[2023-10-30 19:05:42] - pysep - DEBUG: 2014-08-25T161903_ICELAND.Z7.DYSA..HHE.sac
[2023-10-30 19:05:42] - pysep - DEBUG: 2014-08-25T161903_ICELAND.Z7.K250..HHZ.sac
[2023-10-30 19:05:42] - pysep - DEBUG: 2014-08-25T161903_ICELAND.Z7.K250..HHN.sac
[2023-10-30 19:05:42] - pysep - DEBUG: 2014-08-25T161903_ICELAND.Z7.K250..HHE.sac
[2023-10-30 19:05:42] - pysep - DEBUG: 2014-08-25T161903_ICELAND.Z7.HELI..HHZ.sac
[2023-10-30 19:05:42] - pysep - DEBUG: 2014-08-25T161903_ICELAND.Z7.HELI..HHN.sac
[2023-10-30 19:05:42] - pysep - DEBUG: 2014-08-25T161903_ICELAND.Z7.HELI..HHE.sac
[2023-10-30 19:05:42] - pysep - DEBUG: 2014-08-25T161903_ICELAND.Z7.RODG..HHZ.sac
[2023-10-30 19:05:42] - pysep - DEBUG: 2014-08-25T161903_ICELAND.Z7.RODG..HHN.sac
[2023-10-30 19:05:42] - pysep - DEBUG: 2014-08-25T161903_ICELAND.Z7.RODG..HHE.sac
[2023-10-30 19:05:42] - pysep - DEBUG: 2014-08-25T161903_ICELAND.Z7.LOKT..HHZ.sac
[2023-10-30 19:05:42] - pysep - DEBUG: 2014-08-25T161903_ICELAND.Z7.LOKT..HHN.sac
[2023-10-30 19:05:42] - pysep - DEBUG: 2014-08-25T161903_ICELAND.Z7.LOKT..HHE.sac
[2023-10-30 19:05:42] - pysep - DEBUG: 2014-08-25T161903_ICELAND.Z7.KALF..HHZ.sac
[2023-10-30 19:05:42] - pysep - DEBUG: 2014-08-25T161903_ICELAND.Z7.KALF..HHR.sac
[2023-10-30 19:05:42] - pysep - DEBUG: 2014-08-25T161903_ICELAND.Z7.KALF..HHT.sac
[2023-10-30 19:05:42] - pysep - DEBUG: 2014-08-25T161903_ICELAND.Z7.LIND..HHZ.sac
[2023-10-30 19:05:42] - pysep - DEBUG: 2014-08-25T161903_ICELAND.Z7.LIND..HHR.sac
[2023-10-30 19:05:42] - pysep - DEBUG: 2014-08-25T161903_ICELAND.Z7.LIND..HHT.sac
[2023-10-30 19:05:42] - pysep - DEBUG: 2014-08-25T161903_ICELAND.Z7.FAG..HHZ.sac
[2023-10-30 19:05:42] - pysep - DEBUG: 2014-08-25T161903_ICELAND.Z7.FAG..HHR.sac
[2023-10-30 19:05:42] - pysep - DEBUG: 2014-08-25T161903_ICELAND.Z7.FAG..HHT.sac
[2023-10-30 19:05:42] - pysep - DEBUG: 2014-08-25T161903_ICELAND.Z7.SVIN..HHZ.sac
[2023-10-30 19:05:42] - pysep - DEBUG: 2014-08-25T161903_ICELAND.Z7.SVIN..HHR.sac
[2023-10-30 19:05:42] - pysep - DEBUG: 2014-08-25T161903_ICELAND.Z7.SVIN..HHT.sac
[2023-10-30 19:05:42] - pysep - DEBUG: 2014-08-25T161903_ICELAND.Z7.LAUF..HHZ.sac
[2023-10-30 19:05:42] - pysep - DEBUG: 2014-08-25T161903_ICELAND.Z7.LAUF..HHR.sac
[2023-10-30 19:05:42] - pysep - DEBUG: 2014-08-25T161903_ICELAND.Z7.LAUF..HHT.sac
[2023-10-30 19:05:42] - pysep - DEBUG: 2014-08-25T161903_ICELAND.Z7.DYSA..HHZ.sac
[2023-10-30 19:05:42] - pysep - DEBUG: 2014-08-25T161903_ICELAND.Z7.DYSA..HHR.sac
[2023-10-30 19:05:42] - pysep - DEBUG: 2014-08-25T161903_ICELAND.Z7.DYSA..HHT.sac
[2023-10-30 19:05:42] - pysep - DEBUG: 2014-08-25T161903_ICELAND.Z7.K250..HHZ.sac
[2023-10-30 19:05:42] - pysep - DEBUG: 2014-08-25T161903_ICELAND.Z7.K250..HHR.sac
[2023-10-30 19:05:42] - pysep - DEBUG: 2014-08-25T161903_ICELAND.Z7.K250..HHT.sac
[2023-10-30 19:05:42] - pysep - DEBUG: 2014-08-25T161903_ICELAND.Z7.HELI..HHZ.sac
[2023-10-30 19:05:42] - pysep - DEBUG: 2014-08-25T161903_ICELAND.Z7.HELI..HHR.sac
[2023-10-30 19:05:42] - pysep - DEBUG: 2014-08-25T161903_ICELAND.Z7.HELI..HHT.sac
[2023-10-30 19:05:42] - pysep - DEBUG: 2014-08-25T161903_ICELAND.Z7.RODG..HHZ.sac
[2023-10-30 19:05:42] - pysep - DEBUG: 2014-08-25T161903_ICELAND.Z7.RODG..HHR.sac
[2023-10-30 19:05:42] - pysep - DEBUG: 2014-08-25T161903_ICELAND.Z7.RODG..HHT.sac
[2023-10-30 19:05:42] - pysep - DEBUG: 2014-08-25T161903_ICELAND.Z7.LOKT..HHZ.sac
[2023-10-30 19:05:42] - pysep - DEBUG: 2014-08-25T161903_ICELAND.Z7.LOKT..HHR.sac
[2023-10-30 19:05:42] - pysep - DEBUG: 2014-08-25T161903_ICELAND.Z7.LOKT..HHT.sac
[2023-10-30 19:05:42] - pysep - INFO: plotting source receiver map
[2023-10-30 19:05:42] - pysep - DEBUG: setting projection local due to max src-rcv distance of 121.22721162254146km
[2023-10-30 19:05:51] - pysep - INFO: checking parameter acceptability
[2023-10-30 19:05:51] - pysep - INFO: getting source-receiver stats
[2023-10-30 19:05:51] - pysep - INFO: calculating source-receiver distance and (back)azimuths
[2023-10-30 19:05:51] - pysep - INFO: no preprocessing (including filtering) applied
[2023-10-30 19:05:51] - pysep - INFO: calculating starttime offsets from event origin time 2014-08-25T16:19:03.000000Z
[2023-10-30 19:05:51] - pysep - INFO: determining sort order with parameter: distance
[2023-10-30 19:05:51] - pysep - INFO: determining if any stations/channels should be skipped
[2023-10-30 19:05:51] - pysep - INFO: criteria check will remove 0/60 traces
[2023-10-30 19:05:51] - pysep - INFO: determining y-axis positioning for sort: distance
[2023-10-30 19:05:51] - pysep - INFO: determining amplitude scaling w.r.t st with: 'normalize'
[2023-10-30 19:05:51] - pysep - INFO: plotting record section for 60 waveforms
[2023-10-30 19:05:51] - pysep - DEBUG: plotting line check starting from bottom (y=0)
[2023-10-30 19:05:51] - pysep - DEBUG: 
IDX	Y		ID	DIST	AZ	BAZ	TSHIFT	TOFFSET	YABSMAX
[2023-10-30 19:05:51] - pysep - DEBUG: 
20	0	Z7.K250..HHE	121.23	 15.31	195.94	0.00	-60.00	4.19E-04
19	1	Z7.K250..HHN	121.23	 15.31	195.94	0.00	-60.00	3.34E-04
50	2	Z7.K250..HHT	121.23	 15.31	195.94	0.00	-60.00	4.19E-04
49	3	Z7.K250..HHR	121.23	 15.31	195.94	0.00	-60.00	3.10E-04
48	4	Z7.K250..HHZ	121.23	 15.31	195.94	0.00	-60.00	3.11E-04
18	5	Z7.K250..HHZ	121.23	 15.31	195.94	0.00	-60.00	3.11E-04
11	6	Z7.SVIN..HHE	102.95	103.19	285.06	0.00	-60.00	4.14E-04
10	7	Z7.SVIN..HHN	102.95	103.19	285.06	0.00	-60.00	1.96E-04
41	8	Z7.SVIN..HHT	102.95	103.19	285.06	0.00	-60.00	2.79E-04
40	9	Z7.SVIN..HHR	102.95	103.19	285.06	0.00	-60.00	3.93E-04
39	10	Z7.SVIN..HHZ	102.95	103.19	285.06	0.00	-60.00	3.19E-04
9	11	Z7.SVIN..HHZ	102.95	103.19	285.06	0.00	-60.00	3.19E-04
8	12	Z7.FAG..HHE	 91.27	153.85	334.59	0.00	-60.00	1.82E-04
7	13	Z7.FAG..HHN	 91.27	153.85	334.59	0.00	-60.00	1.86E-04
38	14	Z7.FAG..HHT	 91.27	153.85	334.59	0.00	-60.00	1.74E-04
37	15	Z7.FAG..HHR	 91.27	153.85	334.59	0.00	-60.00	1.67E-04
36	16	Z7.FAG..HHZ	 91.27	153.85	334.59	0.00	-60.00	2.08E-04
6	17	Z7.FAG..HHZ	 91.27	153.85	334.59	0.00	-60.00	2.08E-04
23	18	Z7.HELI..HHE	 88.32	 41.65	222.78	0.00	-60.00	3.89E-04
22	19	Z7.HELI..HHN	 88.32	 41.65	222.78	0.00	-60.00	3.57E-04
53	20	Z7.HELI..HHT	 88.32	 41.65	222.78	0.00	-60.00	3.64E-04
52	21	Z7.HELI..HHR	 88.32	 41.65	222.78	0.00	-60.00	4.19E-04
51	22	Z7.HELI..HHZ	 88.32	 41.65	222.78	0.00	-60.00	2.56E-04
21	23	Z7.HELI..HHZ	 88.32	 41.65	222.78	0.00	-60.00	2.56E-04
2	24	Z7.KALF..HHE	 74.80	188.10	  7.91	0.00	-60.00	2.87E-04
1	25	Z7.KALF..HHN	 74.80	188.10	  7.91	0.00	-60.00	6.39E-04
32	26	Z7.KALF..HHT	 74.80	188.10	  7.91	0.00	-60.00	3.34E-04
31	27	Z7.KALF..HHR	 74.80	188.10	  7.91	0.00	-60.00	6.24E-04
30	28	Z7.KALF..HHZ	 74.80	188.10	  7.91	0.00	-60.00	8.39E-04
0	29	Z7.KALF..HHZ	 74.80	188.10	  7.91	0.00	-60.00	8.39E-04
14	30	Z7.LAUF..HHE	 72.41	206.49	 25.89	0.00	-60.00	7.83E-04
13	31	Z7.LAUF..HHN	 72.41	206.49	 25.89	0.00	-60.00	6.96E-04
44	32	Z7.LAUF..HHT	 72.41	206.49	 25.89	0.00	-60.00	9.61E-04
43	33	Z7.LAUF..HHR	 72.41	206.49	 25.89	0.00	-60.00	8.71E-04
42	34	Z7.LAUF..HHZ	 72.41	206.49	 25.89	0.00	-60.00	9.35E-04
12	35	Z7.LAUF..HHZ	 72.41	206.49	 25.89	0.00	-60.00	9.35E-04
29	36	Z7.LOKT..HHE	 64.13	 24.05	204.56	0.00	-60.00	9.25E-04
28	37	Z7.LOKT..HHN	 64.13	 24.05	204.56	0.00	-60.00	9.46E-04
59	38	Z7.LOKT..HHT	 64.13	 24.05	204.56	0.00	-60.00	1.05E-03
58	39	Z7.LOKT..HHR	 64.13	 24.05	204.56	0.00	-60.00	8.69E-04
57	40	Z7.LOKT..HHZ	 64.13	 24.05	204.56	0.00	-60.00	7.17E-04
27	41	Z7.LOKT..HHZ	 64.13	 24.05	204.56	0.00	-60.00	7.17E-04
5	42	Z7.LIND..HHE	 55.51	 60.62	241.54	0.00	-60.00	1.78E-03
4	43	Z7.LIND..HHN	 55.51	 60.62	241.54	0.00	-60.00	1.28E-03
35	44	Z7.LIND..HHT	 55.51	 60.62	241.54	0.00	-60.00	1.13E-03
34	45	Z7.LIND..HHR	 55.51	 60.62	241.54	0.00	-60.00	1.79E-03
33	46	Z7.LIND..HHZ	 55.51	 60.62	241.54	0.00	-60.00	1.10E-03
3	47	Z7.LIND..HHZ	 55.51	 60.62	241.54	0.00	-60.00	1.10E-03
17	48	Z7.DYSA..HHE	 52.27	 46.11	226.83	0.00	-60.00	9.48E-04
16	49	Z7.DYSA..HHN	 52.27	 46.11	226.83	0.00	-60.00	8.44E-04
47	50	Z7.DYSA..HHT	 52.27	 46.11	226.83	0.00	-60.00	1.03E-03
46	51	Z7.DYSA..HHR	 52.27	 46.11	226.83	0.00	-60.00	1.26E-03
45	52	Z7.DYSA..HHZ	 52.27	 46.11	226.83	0.00	-60.00	1.10E-03
15	53	Z7.DYSA..HHZ	 52.27	 46.11	226.83	0.00	-60.00	1.10E-03
26	54	Z7.RODG..HHE	 50.05	 33.52	214.05	0.00	-60.00	8.85E-04
25	55	Z7.RODG..HHN	 50.05	 33.52	214.05	0.00	-60.00	1.69E-03
56	56	Z7.RODG..HHT	 50.05	 33.52	214.05	0.00	-60.00	9.03E-04
55	57	Z7.RODG..HHR	 50.05	 33.52	214.05	0.00	-60.00	1.76E-03
54	58	Z7.RODG..HHZ	 50.05	 33.52	214.05	0.00	-60.00	1.01E-03
24	59	Z7.RODG..HHZ	 50.05	 33.52	214.05	0.00	-60.00	1.01E-03

[2023-10-30 19:05:51] - pysep - INFO: placing station labels on y-axis at: y_axis
[2023-10-30 19:05:51] - pysep - INFO: user requests inverting y-axis with absolute reverse sort
[2023-10-30 19:05:51] - pysep - INFO: saving figure to /Users/felix/Documents/POSTDOC/INVESTIGACION/PYSEP_PROCESSING/2014-08-25T161903_ICELAND/record_section.png
