[2023-10-30 22:23:15] - pysep - DEBUG: running PySEP version 0.4.1
[2023-10-30 22:23:15] - pysep - INFO: overwriting default parameters with config file: '/Users/felix/opt/anaconda3/envs/pysep_latest/lib/python3.12/site-packages/pysep/configs/mtuq_workshop_2022/2017-09-03T033001_NORTH_KOREA.yaml'
[2023-10-30 22:23:15] - pysep - DEBUG: event_tag: None -> 2017-09-03T033001_NORTH_KOREA
[2023-10-30 22:23:15] - pysep - DEBUG: config_file: /Users/felix/opt/anaconda3/envs/pysep_latest/lib/python3.12/site-packages/pysep/configs/mtuq_workshop_2022/2017-09-03T033001_NORTH_KOREA.yaml -> None
[2023-10-30 22:23:15] - pysep - DEBUG: origin_time: None -> 2017-09-03T03:30:01.760000Z
[2023-10-30 22:23:15] - pysep - DEBUG: event_latitude: None -> 41.3324
[2023-10-30 22:23:15] - pysep - DEBUG: event_longitude: None -> 129.0297
[2023-10-30 22:23:15] - pysep - DEBUG: event_depth_km: None -> 1.0
[2023-10-30 22:23:15] - pysep - DEBUG: event_magnitude: None -> 5.18
[2023-10-30 22:23:15] - pysep - DEBUG: networks: * -> IC,IU,G,JP
[2023-10-30 22:23:15] - pysep - DEBUG: stations: * -> MDJ,INCN,JTU,MAJO,INU,BJT,YSS
[2023-10-30 22:23:15] - pysep - DEBUG: channels: * -> BH?
[2023-10-30 22:23:15] - pysep - DEBUG: locations: * -> 00
[2023-10-30 22:23:15] - pysep - DEBUG: reference_time: None -> 2017-09-03T03:30:01.760000Z
[2023-10-30 22:23:15] - pysep - DEBUG: seconds_after_ref: 300 -> 1000
[2023-10-30 22:23:15] - pysep - DEBUG: maxdistance_km: 20000.0 -> 1300.0
[2023-10-30 22:23:15] - pysep - DEBUG: rotate: None -> ['ENZ', 'RTZ']
[2023-10-30 22:23:15] - pysep - DEBUG: resample_freq: None -> 5
[2023-10-30 22:23:15] - pysep - DEBUG: remove_clipped: True -> False
[2023-10-30 22:23:15] - pysep - DEBUG: `log_level` set to DEBUG
[2023-10-30 22:23:16] - pysep - INFO: creating event metadata with user parameters
[2023-10-30 22:23:16] - pysep - INFO: event info summary - origin time: 2017-09-03T03:30:01.760000Z; lat=41.33; lon=129.03; depth[km]=1.0; magnitude=5.18
[2023-10-30 22:23:16] - pysep - INFO: full output directory is: /Users/felix/Documents/POSTDOC/INVESTIGACION/PYSEP_PROCESSING/2017-09-03T033001_NORTH_KOREA
[2023-10-30 22:23:16] - pysep - INFO: writing config YAML file
[2023-10-30 22:23:16] - pysep - DEBUG: /Users/felix/Documents/POSTDOC/INVESTIGACION/PYSEP_PROCESSING/2017-09-03T033001_NORTH_KOREA/pysep_config.yaml
[2023-10-30 22:23:16] - pysep - INFO: writing event as QuakeML
[2023-10-30 22:23:16] - pysep - DEBUG: /Users/felix/Documents/POSTDOC/INVESTIGACION/PYSEP_PROCESSING/2017-09-03T033001_NORTH_KOREA/event.xml
[2023-10-30 22:23:16] - pysep - INFO: querying IRIS for station metadata
[2023-10-30 22:23:16] - pysep - INFO: collected 18 channels from 6 stations in 3 networks from IRIS
[2023-10-30 22:23:16] - pysep - INFO: 0 traces outside distance bounds [0, 1300.0]km
[2023-10-30 22:23:16] - pysep - INFO: 0 traces outside azimuth bounds [0, 360]deg
[2023-10-30 22:23:16] - pysep - INFO: writing inventory as StationXML
[2023-10-30 22:23:16] - pysep - DEBUG: /Users/felix/Documents/POSTDOC/INVESTIGACION/PYSEP_PROCESSING/2017-09-03T033001_NORTH_KOREA/inv.xml
[2023-10-30 22:23:16] - pysep - INFO: querying client 'IRIS' for waveforms
[2023-10-30 22:23:16] - pysep - INFO: querying 6 lines in bulk client request...
[2023-10-30 22:23:22] - pysep - INFO: 18 waveforms returned after query
[2023-10-30 22:23:22] - pysep - INFO: writing stations file
[2023-10-30 22:23:22] - pysep - DEBUG: /Users/felix/Documents/POSTDOC/INVESTIGACION/PYSEP_PROCESSING/2017-09-03T033001_NORTH_KOREA/station_file.txt
[2023-10-30 22:23:22] - pysep - INFO: writing inventory as StationXML
[2023-10-30 22:23:22] - pysep - DEBUG: /Users/felix/Documents/POSTDOC/INVESTIGACION/PYSEP_PROCESSING/2017-09-03T033001_NORTH_KOREA/inv.xml
[2023-10-30 22:23:22] - pysep - INFO: cleaning up channel naming
[2023-10-30 22:23:22] - pysep - DEBUG: using SAC headers to fetch phase arrivals '['ttall']'from model 'ak135'
[2023-10-30 22:23:26] - pysep - INFO: applying linear detrend to all data
[2023-10-30 22:23:26] - pysep - INFO: removing response, output units in: VEL
[2023-10-30 22:23:26] - pysep - INFO: will apply pre-filter: default
[2023-10-30 22:23:27] - pysep - INFO: applying amplitude scale factor: 1
[2023-10-30 22:23:27] - pysep - INFO: resampling data to sampling rate: 5Hz with method 'interpolate'
[2023-10-30 22:23:27] - pysep - DEBUG: G.INU.00.BHE applying lowpass filter to prep for new nyquist freq: 10.0 -> 2.5
[2023-10-30 22:23:27] - pysep - DEBUG: G.INU.00.BHN applying lowpass filter to prep for new nyquist freq: 10.0 -> 2.5
[2023-10-30 22:23:27] - pysep - DEBUG: G.INU.00.BHZ applying lowpass filter to prep for new nyquist freq: 10.0 -> 2.5
[2023-10-30 22:23:27] - pysep - DEBUG: IC.BJT.00.BH1 applying lowpass filter to prep for new nyquist freq: 10.0 -> 2.5
[2023-10-30 22:23:27] - pysep - DEBUG: IC.BJT.00.BH2 applying lowpass filter to prep for new nyquist freq: 10.0 -> 2.5
[2023-10-30 22:23:27] - pysep - DEBUG: IC.BJT.00.BHZ applying lowpass filter to prep for new nyquist freq: 10.0 -> 2.5
[2023-10-30 22:23:27] - pysep - DEBUG: IC.MDJ.00.BH1 applying lowpass filter to prep for new nyquist freq: 10.0 -> 2.5
[2023-10-30 22:23:27] - pysep - DEBUG: IC.MDJ.00.BH2 applying lowpass filter to prep for new nyquist freq: 10.0 -> 2.5
[2023-10-30 22:23:27] - pysep - DEBUG: IC.MDJ.00.BHZ applying lowpass filter to prep for new nyquist freq: 10.0 -> 2.5
[2023-10-30 22:23:27] - pysep - DEBUG: IU.INCN.00.BH1 applying lowpass filter to prep for new nyquist freq: 10.0 -> 2.5
[2023-10-30 22:23:27] - pysep - DEBUG: IU.INCN.00.BH2 applying lowpass filter to prep for new nyquist freq: 10.0 -> 2.5
[2023-10-30 22:23:27] - pysep - DEBUG: IU.INCN.00.BHZ applying lowpass filter to prep for new nyquist freq: 10.0 -> 2.5
[2023-10-30 22:23:27] - pysep - DEBUG: IU.MAJO.00.BH1 applying lowpass filter to prep for new nyquist freq: 10.0 -> 2.5
[2023-10-30 22:23:27] - pysep - DEBUG: IU.MAJO.00.BH2 applying lowpass filter to prep for new nyquist freq: 10.0 -> 2.5
[2023-10-30 22:23:27] - pysep - DEBUG: IU.MAJO.00.BHZ applying lowpass filter to prep for new nyquist freq: 10.0 -> 2.5
[2023-10-30 22:23:27] - pysep - DEBUG: IU.YSS.00.BH1 applying lowpass filter to prep for new nyquist freq: 10.0 -> 2.5
[2023-10-30 22:23:27] - pysep - DEBUG: IU.YSS.00.BH2 applying lowpass filter to prep for new nyquist freq: 10.0 -> 2.5
[2023-10-30 22:23:27] - pysep - DEBUG: IU.YSS.00.BHZ applying lowpass filter to prep for new nyquist freq: 10.0 -> 2.5
[2023-10-30 22:23:27] - pysep - INFO: trimming start and end times on a per-station basis
[2023-10-30 22:23:27] - pysep - INFO: formatting stream of length 18 for component rotation
[2023-10-30 22:23:27] - pysep - INFO: stream formatting returned 18 traces
[2023-10-30 22:23:27] - pysep - INFO: rotating to components ZNE
[2023-10-30 22:23:27] - pysep - DEBUG: IC.MDJ.00.BH1 azimuth==0.0; dip==0.0
[2023-10-30 22:23:27] - pysep - DEBUG: IC.MDJ.00.BH2 azimuth==90.0; dip==0.0
[2023-10-30 22:23:27] - pysep - DEBUG: IC.MDJ.00.BHZ azimuth==0.0; dip==-90.0
[2023-10-30 22:23:27] - pysep - DEBUG: IU.YSS.00.BH1 azimuth==0.0; dip==0.0
[2023-10-30 22:23:27] - pysep - DEBUG: IU.YSS.00.BH2 azimuth==90.0; dip==0.0
[2023-10-30 22:23:27] - pysep - DEBUG: IU.YSS.00.BHZ azimuth==0.0; dip==-90.0
[2023-10-30 22:23:27] - pysep - DEBUG: IC.BJT.00.BH1 azimuth==0.0; dip==0.0
[2023-10-30 22:23:27] - pysep - DEBUG: IC.BJT.00.BH2 azimuth==90.0; dip==0.0
[2023-10-30 22:23:27] - pysep - DEBUG: IC.BJT.00.BHZ azimuth==0.0; dip==-90.0
[2023-10-30 22:23:27] - pysep - DEBUG: G.INU.00.BHE azimuth==90.0; dip==0.0
[2023-10-30 22:23:27] - pysep - DEBUG: G.INU.00.BHN azimuth==0.0; dip==0.0
[2023-10-30 22:23:27] - pysep - DEBUG: G.INU.00.BHZ azimuth==0.0; dip==-90.0
[2023-10-30 22:23:27] - pysep - DEBUG: IU.MAJO.00.BH1 azimuth==358.0; dip==0.0
[2023-10-30 22:23:27] - pysep - DEBUG: IU.MAJO.00.BH2 azimuth==88.0; dip==0.0
[2023-10-30 22:23:27] - pysep - DEBUG: IU.MAJO.00.BHZ azimuth==0.0; dip==-90.0
[2023-10-30 22:23:27] - pysep - DEBUG: IU.INCN.00.BH1 azimuth==0.0; dip==0.0
[2023-10-30 22:23:27] - pysep - DEBUG: IU.INCN.00.BH2 azimuth==90.0; dip==0.0
[2023-10-30 22:23:27] - pysep - DEBUG: IU.INCN.00.BHZ azimuth==0.0; dip==-90.0
[2023-10-30 22:23:27] - pysep - INFO: rotating to components RTZ
[2023-10-30 22:23:27] - pysep - DEBUG: assuming that the expected stream length is: 1099.8s
[2023-10-30 22:23:27] - pysep - INFO: writing waveform stream in MiniSEED
[2023-10-30 22:23:27] - pysep - DEBUG: /Users/felix/Documents/POSTDOC/INVESTIGACION/PYSEP_PROCESSING/2017-09-03T033001_NORTH_KOREA/stream.ms
[2023-10-30 22:23:27] - pysep - INFO: writing all waveforms traces in SAC format
[2023-10-30 22:23:27] - pysep - DEBUG: 2017-09-03T033001_NORTH_KOREA.IC.MDJ.00.BHZ.sac
[2023-10-30 22:23:27] - pysep - DEBUG: 2017-09-03T033001_NORTH_KOREA.IC.MDJ.00.BHN.sac
[2023-10-30 22:23:27] - pysep - DEBUG: 2017-09-03T033001_NORTH_KOREA.IC.MDJ.00.BHE.sac
[2023-10-30 22:23:27] - pysep - DEBUG: 2017-09-03T033001_NORTH_KOREA.IU.YSS.00.BHZ.sac
[2023-10-30 22:23:27] - pysep - DEBUG: 2017-09-03T033001_NORTH_KOREA.IU.YSS.00.BHN.sac
[2023-10-30 22:23:27] - pysep - DEBUG: 2017-09-03T033001_NORTH_KOREA.IU.YSS.00.BHE.sac
[2023-10-30 22:23:27] - pysep - DEBUG: 2017-09-03T033001_NORTH_KOREA.IC.BJT.00.BHZ.sac
[2023-10-30 22:23:27] - pysep - DEBUG: 2017-09-03T033001_NORTH_KOREA.IC.BJT.00.BHN.sac
[2023-10-30 22:23:27] - pysep - DEBUG: 2017-09-03T033001_NORTH_KOREA.IC.BJT.00.BHE.sac
[2023-10-30 22:23:27] - pysep - DEBUG: 2017-09-03T033001_NORTH_KOREA.G.INU.00.BHZ.sac
[2023-10-30 22:23:27] - pysep - DEBUG: 2017-09-03T033001_NORTH_KOREA.G.INU.00.BHN.sac
[2023-10-30 22:23:27] - pysep - DEBUG: 2017-09-03T033001_NORTH_KOREA.G.INU.00.BHE.sac
[2023-10-30 22:23:27] - pysep - DEBUG: 2017-09-03T033001_NORTH_KOREA.IU.MAJO.00.BHZ.sac
[2023-10-30 22:23:27] - pysep - DEBUG: 2017-09-03T033001_NORTH_KOREA.IU.MAJO.00.BHN.sac
[2023-10-30 22:23:27] - pysep - DEBUG: 2017-09-03T033001_NORTH_KOREA.IU.MAJO.00.BHE.sac
[2023-10-30 22:23:27] - pysep - DEBUG: 2017-09-03T033001_NORTH_KOREA.IU.INCN.00.BHZ.sac
[2023-10-30 22:23:27] - pysep - DEBUG: 2017-09-03T033001_NORTH_KOREA.IU.INCN.00.BHN.sac
[2023-10-30 22:23:27] - pysep - DEBUG: 2017-09-03T033001_NORTH_KOREA.IU.INCN.00.BHE.sac
[2023-10-30 22:23:27] - pysep - DEBUG: 2017-09-03T033001_NORTH_KOREA.IC.MDJ.00.BHZ.sac
[2023-10-30 22:23:27] - pysep - DEBUG: 2017-09-03T033001_NORTH_KOREA.IC.MDJ.00.BHR.sac
[2023-10-30 22:23:27] - pysep - DEBUG: 2017-09-03T033001_NORTH_KOREA.IC.MDJ.00.BHT.sac
[2023-10-30 22:23:27] - pysep - DEBUG: 2017-09-03T033001_NORTH_KOREA.IU.YSS.00.BHZ.sac
[2023-10-30 22:23:27] - pysep - DEBUG: 2017-09-03T033001_NORTH_KOREA.IU.YSS.00.BHR.sac
[2023-10-30 22:23:27] - pysep - DEBUG: 2017-09-03T033001_NORTH_KOREA.IU.YSS.00.BHT.sac
[2023-10-30 22:23:27] - pysep - DEBUG: 2017-09-03T033001_NORTH_KOREA.IC.BJT.00.BHZ.sac
[2023-10-30 22:23:27] - pysep - DEBUG: 2017-09-03T033001_NORTH_KOREA.IC.BJT.00.BHR.sac
[2023-10-30 22:23:27] - pysep - DEBUG: 2017-09-03T033001_NORTH_KOREA.IC.BJT.00.BHT.sac
[2023-10-30 22:23:27] - pysep - DEBUG: 2017-09-03T033001_NORTH_KOREA.G.INU.00.BHZ.sac
[2023-10-30 22:23:27] - pysep - DEBUG: 2017-09-03T033001_NORTH_KOREA.G.INU.00.BHR.sac
[2023-10-30 22:23:27] - pysep - DEBUG: 2017-09-03T033001_NORTH_KOREA.G.INU.00.BHT.sac
[2023-10-30 22:23:27] - pysep - DEBUG: 2017-09-03T033001_NORTH_KOREA.IU.MAJO.00.BHZ.sac
[2023-10-30 22:23:27] - pysep - DEBUG: 2017-09-03T033001_NORTH_KOREA.IU.MAJO.00.BHR.sac
[2023-10-30 22:23:27] - pysep - DEBUG: 2017-09-03T033001_NORTH_KOREA.IU.MAJO.00.BHT.sac
[2023-10-30 22:23:27] - pysep - DEBUG: 2017-09-03T033001_NORTH_KOREA.IU.INCN.00.BHZ.sac
[2023-10-30 22:23:27] - pysep - DEBUG: 2017-09-03T033001_NORTH_KOREA.IU.INCN.00.BHR.sac
[2023-10-30 22:23:27] - pysep - DEBUG: 2017-09-03T033001_NORTH_KOREA.IU.INCN.00.BHT.sac
[2023-10-30 22:23:27] - pysep - INFO: plotting source receiver map
[2023-10-30 22:23:27] - pysep - DEBUG: setting projection local due to max src-rcv distance of 1261.4322587475472km
[2023-10-30 22:23:39] - pysep - INFO: checking parameter acceptability
[2023-10-30 22:23:39] - pysep - INFO: getting source-receiver stats
[2023-10-30 22:23:39] - pysep - INFO: calculating source-receiver distance and (back)azimuths
[2023-10-30 22:23:39] - pysep - INFO: no preprocessing (including filtering) applied
[2023-10-30 22:23:39] - pysep - INFO: calculating starttime offsets from event origin time 2017-09-03T03:30:01.760000Z
[2023-10-30 22:23:39] - pysep - INFO: determining sort order with parameter: distance
[2023-10-30 22:23:39] - pysep - INFO: determining if any stations/channels should be skipped
[2023-10-30 22:23:39] - pysep - INFO: criteria check will remove 0/36 traces
[2023-10-30 22:23:39] - pysep - INFO: determining y-axis positioning for sort: distance
[2023-10-30 22:23:39] - pysep - INFO: determining amplitude scaling w.r.t st with: 'normalize'
[2023-10-30 22:23:39] - pysep - INFO: plotting record section for 36 waveforms
[2023-10-30 22:23:39] - pysep - DEBUG: plotting line check starting from bottom (y=0)
[2023-10-30 22:23:39] - pysep - DEBUG: 
IDX	Y		ID	DIST	AZ	BAZ	TSHIFT	TOFFSET	YABSMAX
[2023-10-30 22:23:40] - pysep - DEBUG: 
5	0	IU.YSS.00.BHE	1261.43	 55.69	245.28	0.00	-99.86	1.08E-05
4	1	IU.YSS.00.BHN	1261.43	 55.69	245.28	0.00	-99.86	8.15E-06
23	2	IU.YSS.00.BHT	1261.43	 55.69	245.28	0.00	-99.86	8.73E-06
22	3	IU.YSS.00.BHR	1261.43	 55.69	245.28	0.00	-99.86	1.01E-05
21	4	IU.YSS.00.BHZ	1261.43	 55.69	245.28	0.00	-99.86	9.69E-06
3	5	IU.YSS.00.BHZ	1261.43	 55.69	245.28	0.00	-99.86	9.69E-06
8	6	IC.BJT.00.BHE	1096.13	266.59	 78.19	0.00	-99.89	2.71E-05
7	7	IC.BJT.00.BHN	1096.13	266.59	 78.19	0.00	-99.89	2.65E-05
26	8	IC.BJT.00.BHT	1096.13	266.59	 78.19	0.00	-99.89	2.72E-05
25	9	IC.BJT.00.BHR	1096.13	266.59	 78.19	0.00	-99.89	2.62E-05
24	10	IC.BJT.00.BHZ	1096.13	266.59	 78.19	0.00	-99.89	2.96E-05
6	11	IC.BJT.00.BHZ	1096.13	266.59	 78.19	0.00	-99.89	2.96E-05
11	12	G.INU.00.BHE	963.57	130.97	315.95	0.00	-99.90	5.88E-06
10	13	G.INU.00.BHN	963.57	130.97	315.95	0.00	-99.90	5.50E-06
29	14	G.INU.00.BHT	963.57	130.97	315.95	0.00	-99.90	5.05E-06
28	15	G.INU.00.BHR	963.57	130.97	315.95	0.00	-99.90	7.14E-06
27	16	G.INU.00.BHZ	963.57	130.97	315.95	0.00	-99.90	1.10E-05
9	17	G.INU.00.BHZ	963.57	130.97	315.95	0.00	-99.90	1.10E-05
14	18	IU.MAJO.00.BHE	955.75	120.79	306.57	0.00	-99.89	5.35E-06
13	19	IU.MAJO.00.BHN	955.75	120.79	306.57	0.00	-99.89	3.66E-06
32	20	IU.MAJO.00.BHT	955.75	120.79	306.57	0.00	-99.89	3.80E-06
31	21	IU.MAJO.00.BHR	955.75	120.79	306.57	0.00	-99.89	5.66E-06
30	22	IU.MAJO.00.BHZ	955.75	120.79	306.57	0.00	-99.89	4.99E-06
12	23	IU.MAJO.00.BHZ	955.75	120.79	306.57	0.00	-99.89	4.99E-06
17	24	IU.INCN.00.BHE	475.42	206.60	 25.07	0.00	-99.89	1.42E-04
16	25	IU.INCN.00.BHN	475.42	206.60	 25.07	0.00	-99.89	1.96E-04
35	26	IU.INCN.00.BHT	475.42	206.60	 25.07	0.00	-99.89	1.38E-04
34	27	IU.INCN.00.BHR	475.42	206.60	 25.07	0.00	-99.89	1.92E-04
33	28	IU.INCN.00.BHZ	475.42	206.60	 25.07	0.00	-99.89	2.21E-04
15	29	IU.INCN.00.BHZ	475.42	206.60	 25.07	0.00	-99.89	2.21E-04
2	30	IC.MDJ.00.BHE	367.85	  6.99	187.37	0.00	-99.89	4.27E-04
1	31	IC.MDJ.00.BHN	367.85	  6.99	187.37	0.00	-99.89	7.05E-04
20	32	IC.MDJ.00.BHT	367.85	  6.99	187.37	0.00	-99.89	4.01E-04
19	33	IC.MDJ.00.BHR	367.85	  6.99	187.37	0.00	-99.89	7.02E-04
18	34	IC.MDJ.00.BHZ	367.85	  6.99	187.37	0.00	-99.89	6.00E-04
0	35	IC.MDJ.00.BHZ	367.85	  6.99	187.37	0.00	-99.89	6.00E-04

[2023-10-30 22:23:40] - pysep - INFO: placing station labels on y-axis at: y_axis
[2023-10-30 22:23:40] - pysep - INFO: user requests inverting y-axis with absolute reverse sort
[2023-10-30 22:23:40] - pysep - INFO: saving figure to /Users/felix/Documents/POSTDOC/INVESTIGACION/PYSEP_PROCESSING/2017-09-03T033001_NORTH_KOREA/record_section.png
